
[ ENTITIES_LUMP ]: {

TOTAL: 33140

{
"classname" "worldspawn"
"music" "music/fla22k_03.wav"
"target" "st2"
"_lightmapscale" "0.5"
}
{
"classname" "target_position"
"origin" "-1644 3868 504"
"targetname" "t1"
}
{
"classname" "info_player_start"
"origin" "-2824 3684 -360"
}
{
"classname" "weapon_rocketlauncher"
"origin" "-2848 3436 -360"
"count" "50"
}
{
"classname" "holdable_medkit"
"origin" "-2848 3288 -360"
}
{
"classname" "func_door"
"angle" "-2"
"targetname" "t151"
"speed" "10"
"wait" "10"
"model" "*1"
}
{
"classname" "func_button"
"target" "t151"
"health" "1"
"angle" "0"
"model" "*2"
}
{
"classname" "func_button"
"target" "t151"
"health" "1"
"angle" "0"
"model" "*3"
}
{
"classname" "weapon_bfg"
"origin" "828 -4128 -328"
}
{
"classname" "ammo_bfg"
"origin" "828 -4192 -256"
"count" "15"
}
{
"classname" "ammo_bfg"
"origin" "828 -4064 -256"
"count" "15"
}
{
"classname" "ammo_bfg"
"origin" "704 -4132 -256"
"count" "15"
}
{
"classname" "ammo_bfg"
"origin" "964 -4132 -256"
"count" "15"
}
{
"classname" "item_health_large"
"origin" "620 -4208 -256"
}
{
"classname" "item_health_large"
"origin" "1044 -4208 -256"
}
{
"classname" "func_door"
"speed" "240"
"targetname" "t2"
"angle" "270"
"model" "*4"
}
{
"classname" "func_button"
"target" "t2"
"health" "1"
"angle" "0"
"model" "*5"
}
{
"classname" "func_button"
"target" "t2"
"health" "1"
"angle" "0"
"model" "*6"
}
{
"classname" "target_position"
"origin" "696 -1414 2874"
"targetname" "push9"
}
{
"classname" "item_enviro"
"origin" "-1024 -1840 3296"
"wait" "50"
"count" "45"
}
{
"classname" "item_haste"
"origin" "800 -3902 2098"
"wait" "50"
"count" "45"
}
{
"classname" "target_position"
"origin" "-2936 364 3144"
"targetname" "push"
}
{
"classname" "target_position"
"origin" "-1709 -4072 2324"
"targetname" "push2"
}
{
"classname" "target_position"
"origin" "-2876 1120 3128"
"targetname" "push3"
}
{
"classname" "ammo_slugs"
"origin" "-2960 -3660 2116"
"count" "10"
}
{
"classname" "ammo_slugs"
"origin" "-2888 -3492 2116"
"count" "10"
}
{
"classname" "item_health_small"
"origin" "-2580 -1504 796"
}
{
"classname" "item_health_small"
"origin" "-2580 -1552 796"
}
{
"classname" "item_health_small"
"origin" "-2580 -1600 796"
}
{
"classname" "item_health_small"
"origin" "-2580 -1652 796"
}
{
"classname" "item_health_small"
"origin" "-2580 -1700 796"
}
{
"classname" "item_health_small"
"origin" "-2580 -1748 796"
}
{
"classname" "item_health_small"
"origin" "-2580 -1796 796"
}
{
"classname" "item_health_small"
"origin" "-2580 -1848 796"
}
{
"classname" "item_armor_shard"
"origin" "-2580 -1380 796"
}
{
"classname" "item_armor_shard"
"origin" "-2580 -1324 796"
}
{
"classname" "item_armor_shard"
"origin" "-2580 -1260 796"
}
{
"classname" "item_armor_shard"
"origin" "-2580 -1196 796"
}
{
"classname" "item_armor_shard"
"origin" "-2580 -1128 796"
}
{
"classname" "item_armor_shard"
"origin" "-2580 -1072 796"
}
{
"classname" "item_armor_shard"
"origin" "-2580 -1008 796"
}
{
"classname" "item_armor_shard"
"origin" "-2580 -944 796"
}
{
"classname" "target_position"
"origin" "-2936 -2728 2140"
"targetname" "post"
}
{
"classname" "item_health_large"
"origin" "-2960 -2784 2116"
}
{
"classname" "trigger_teleport"
"target" "teleport"
"model" "*7"
}
{
"classname" "misc_teleporter_dest"
"origin" "800 -3404 2072"
"angle" "-90.3551"
"targetname" "teleport"
}
{
"classname" "ammo_slugs"
"origin" "964 -4172 1952"
"count" "10"
}
{
"classname" "ammo_slugs"
"origin" "964 -4132 1952"
"count" "10"
}
{
"classname" "ammo_slugs"
"origin" "924 -4172 1952"
"count" "10"
}
{
"classname" "ammo_slugs"
"origin" "1004 -4172 1952"
"count" "10"
}
{
"classname" "ammo_slugs"
"origin" "964 -4212 1952"
"count" "10"
}
{
"classname" "weapon_railgun"
"origin" "964 -4052 1952"
"count" "15"
}
{
"classname" "misc_teleporter_dest"
"origin" "1272 -1752 3280"
"angle" "90.7019"
"targetname" "telep3"
}
{
"classname" "info_player_start"
"origin" "1184 -1440 3280"
"angle" "0.719803"
}
{
"classname" "info_player_start"
"origin" "896 -4136 2072"
"angle" "90"
}
{
"classname" "info_player_start"
"origin" "-2928 2768 -356"
}
{
"classname" "info_player_start"
"origin" "-2960 2940 288"
}
{
"classname" "weapon_railgun"
"origin" "-2960 -2880 2084"
"count" "15"
}
{
"classname" "weapon_railgun"
"origin" "-2772 2924 296"
"count" "15"
}
{
"classname" "ammo_slugs"
"origin" "-2680 2924 296"
"count" "10"
}
{
"classname" "ammo_slugs"
"origin" "-2624 2924 296"
"count" "10"
}
{
"classname" "item_armor_combat"
"origin" "656 -3904 2084"
}
{
"classname" "item_armor_combat"
"origin" "984 -3636 1936"
}
{
"classname" "weapon_shotgun"
"origin" "-2964 2660 -352"
}
{
"classname" "ammo_shells"
"origin" "-2964 2544 -352"
"count" "10"
}
{
"classname" "ammo_shells"
"origin" "-2964 2600 -352"
"count" "10"
}
{
"classname" "weapon_lightning"
"origin" "-1024 -4036 -528"
}
{
"classname" "ammo_lightning"
"origin" "-1012 -4084 -528"
"wait" "30"
}
{
"classname" "ammo_lightning"
"origin" "-1012 -4128 -528"
"wait" "30"
}
{
"classname" "ammo_lightning"
"origin" "-1012 -4176 -528"
"wait" "30"
}
{
"classname" "ammo_lightning"
"origin" "-968 -4128 -528"
"wait" "30"
}
{
"classname" "ammo_lightning"
"origin" "-1056 -4128 -528"
"wait" "30"
}
{
"classname" "weapon_grenadelauncher"
"origin" "448 -4040 -528"
}
{
"classname" "ammo_grenades"
"origin" "228 -4104 -528"
"count" "5"
}
{
"classname" "ammo_grenades"
"origin" "268 -4104 -528"
"count" "5"
}
{
"classname" "ammo_grenades"
"origin" "308 -4104 -528"
"count" "5"
}
{
"classname" "ammo_grenades"
"origin" "248 -4152 -528"
"count" "5"
}
{
"classname" "ammo_grenades"
"origin" "288 -4152 -528"
"count" "5"
}
{
"classname" "ammo_grenades"
"origin" "268 -4200 -528"
"count" "5"
}
{
"classname" "ammo_rockets"
"origin" "-300 -4008 -528"
"count" "10"
}
{
"classname" "ammo_lightning"
"origin" "-240 -4008 -528"
"wait" "30"
}
{
"classname" "weapon_railgun"
"origin" "1344 3232 2312"
"count" "15"
}
{
"classname" "ammo_rockets"
"origin" "1372 1536 2608"
"count" "10"
}
{
"classname" "ammo_rockets"
"origin" "1372 1600 2608"
"count" "10"
}
{
"classname" "weapon_railgun"
"origin" "-1568 4160 2608"
"count" "15"
}
{
"classname" "ammo_slugs"
"origin" "-1632 4160 2608"
"count" "10"
}
{
"classname" "ammo_slugs"
"origin" "-1504 4160 2608"
"count" "10"
}
{
"classname" "ammo_slugs"
"origin" "-1700 4156 2608"
"count" "10"
}
{
"classname" "ammo_slugs"
"origin" "-1440 4156 2608"
"count" "10"
}
{
"classname" "item_armor_body"
"origin" "-3228 1282 2648"
"spawnflags" "1"
}
{
"classname" "holdable_teleporter"
"origin" "-3096 1428 2716"
}
{
"classname" "holdable_teleporter"
"origin" "1172 3684 2716"
}
{
"classname" "item_armor_body"
"origin" "1302 3828 2648"
"spawnflags" "1"
}
{
"classname" "holdable_medkit"
"origin" "-2756 4028 2716"
}
{
"classname" "target_speaker"
"targetname" "t70"
"noise" "*falling1.wav"
"origin" "-1460 3528 -528"
"spawnflags" "8"
}
{
"classname" "item_armor_body"
"origin" "-3292 -1898 2706"
"wait" "10"
}
{
"classname" "item_health_large"
"origin" "-3232 -1896 2706"
"wait" "10"
}
{
"classname" "target_position"
"origin" "-320 -280 3820"
"targetname" "push566"
}
{
"classname" "item_health_mega"
"origin" "-1516 -284 3376"
}
{
"classname" "func_door"
"angle" "-2"
"health" "1"
"model" "*8"
}
{
"classname" "func_door"
"angle" "-2"
"health" "1"
"model" "*9"
}
{
"classname" "func_door"
"angle" "-2"
"health" "1"
"model" "*10"
}
{
"classname" "item_armor_body"
"origin" "-2900 4154 2644"
"spawnflags" "1"
}
{
"classname" "trigger_teleport"
"target" "st1"
"model" "*11"
}
{
"classname" "trigger_teleport"
"target" "tse"
"model" "*12"
}
{
"classname" "trigger_teleport"
"target" "st3"
"model" "*13"
}
{
"classname" "misc_teleporter_dest"
"origin" "-3192 2070 2648"
"targetname" "st3"
}
{
"classname" "misc_teleporter_dest"
"origin" "1268 3042 2648"
"targetname" "st1"
"angle" "180"
}
{
"classname" "misc_teleporter_dest"
"origin" "-2132 4120 2652"
"targetname" "tse"
"angle" "-89.3092"
}
{
"classname" "ammo_slugs"
"origin" "1187 -469 3337"
"count" "10"
}
{
"classname" "ammo_slugs"
"origin" "1185 -528 3337"
"count" "10"
}
{
"classname" "ammo_slugs"
"origin" "1185 -586 3337"
"count" "10"
}
{
"classname" "ammo_slugs"
"origin" "1185 -650 3337"
"count" "10"
}
{
"classname" "item_invis"
"origin" "1184 -1154 3337"
"wait" "50"
"count" "45"
}
{
"classname" "target_speaker"
"origin" "992 1870 -410"
"angle" "179.948"
"noise" "sound/world/water1.wav"
"wait" "0"
"spawnflags" "1"
}
{
"classname" "target_speaker"
"origin" "-1680 -3962 -310"
"angle" "179.948"
"noise" "sound/world/water1.wav"
"wait" "0"
"spawnflags" "1"
}
{
"classname" "target_speaker"
"origin" "-1088 -4050 -310"
"angle" "179.948"
"noise" "sound/world/water1.wav"
"wait" "0"
"spawnflags" "1"
}
{
"classname" "target_speaker"
"origin" "-280 -4042 -310"
"angle" "179.948"
"noise" "sound/world/water1.wav"
"wait" "0"
"spawnflags" "1"
}
{
"classname" "target_speaker"
"origin" "424 -3978 -310"
"angle" "179.948"
"noise" "sound/world/water1.wav"
"wait" "0"
"spawnflags" "1"
}
{
"classname" "target_speaker"
"origin" "-1504 -3762 -310"
"angle" "179.948"
"noise" "sound/world/water1.wav"
"wait" "0"
"spawnflags" "1"
}
{
"classname" "info_player_deathmatch"
"origin" "-2784 2504 -360"
}
{
"classname" "info_player_deathmatch"
"origin" "-2968 3176 -360"
}
{
"classname" "info_player_deathmatch"
"origin" "-1312 3864 280"
"angle" "-90"
}
{
"classname" "info_player_deathmatch"
"origin" "864 3512 280"
"angle" "-179.236"
}
{
"classname" "info_player_start"
"origin" "-2648 -1440 728"
}
{
"classname" "info_player_start"
"origin" "-2728 -1312 728"
}
{
"classname" "info_player_start"
"origin" "-2728 -1552 728"
}
{
"classname" "info_player_start"
"origin" "-2720 -3936 2072"
"angle" "85.9812"
}
{
"classname" "info_player_start"
"origin" "-2912 -3936 2072"
"angle" "85.9812"
}
{
"classname" "info_player_start"
"origin" "-2960 908 2968"
}
{
"classname" "info_player_deathmatch"
"origin" "-2960 744 2968"
}
{
"classname" "info_player_intermission"
"origin" "-2532 1224 2836"
"target" "ipi1"
}
{
"classname" "target_position"
"origin" "-2308 672 2808"
"targetname" "ipi1"
}
{
"classname" "info_player_start"
"origin" "1296 -1904 3280"
"angle" "90.7198"
}
{
"classname" "info_player_start"
"origin" "1184 -1312 3280"
"angle" "0.719803"
}
{
"classname" "info_player_deathmatch"
"origin" "1368 -864 3280"
"angle" "179.946"
}
{
"classname" "info_player_deathmatch"
"origin" "-3088 2208 2264"
}
{
"classname" "info_player_deathmatch"
"origin" "-3272 3096 2264"
}
{
"classname" "info_player_deathmatch"
"origin" "-1968 4152 2264"
}
{
"classname" "info_player_deathmatch"
"origin" "-1928 4192 2264"
}
{
"classname" "info_player_deathmatch"
"origin" "-1928 4104 2264"
}
{
"classname" "weapon_railgun"
"origin" "-3232 2624 2296"
"count" "15"
}
{
"classname" "ammo_slugs"
"origin" "-3232 2560 2296"
"count" "10"
}
{
"classname" "ammo_slugs"
"origin" "-3232 2688 2296"
"count" "10"
}
{
"classname" "weapon_rocketlauncher"
"origin" "-3264 1920 2296"
}
{
"classname" "ammo_rockets"
"origin" "-3264 2016 2296"
"count" "10"
}
{
"classname" "ammo_rockets"
"origin" "-3264 1824 2296"
"count" "10"
}
{
"classname" "ammo_slugs"
"origin" "1344 3296 2312"
"count" "10"
}
{
"classname" "ammo_slugs"
"origin" "1344 3168 2312"
"count" "10"
}
{
"classname" "trigger_push"
"target" "ptt1"
"model" "*14"
}
{
"classname" "target_position"
"origin" "-2940 3020 360"
"targetname" "ptt1"
}
{
"classname" "target_position"
"origin" "-2768 3080 2420"
"targetname" "push7"
}
{
"classname" "holdable_teleporter"
"origin" "998 3052 308"
}
{
"classname" "ammo_rockets"
"origin" "800 -3836 2096"
"count" "10"
}
{
"classname" "ammo_slugs"
"origin" "800 -3968 2096"
"count" "10"
}
{
"classname" "ammo_cells"
"origin" "864 -3904 2096"
"count" "150"
}
{
"classname" "ammo_shells"
"origin" "736 -3904 2096"
"count" "10"
}
{
"classname" "item_health_large"
"origin" "448 -3872 2096"
}
{
"classname" "item_health_large"
"origin" "80 -4148 2096"
}
{
"classname" "item_health_large"
"origin" "1024 -3424 2096"
}
{
"classname" "item_health_large"
"origin" "1024 -3488 2096"
}
{
"classname" "target_position"
"origin" "1020 -2138 2126"
"targetname" "push5"
}
{
"classname" "target_position"
"origin" "-2704 -2128 2872"
"targetname" "push1"
}
{
"classname" "item_armor_combat"
"origin" "-2912 3360 -360"
}
{
"classname" "item_armor_combat"
"origin" "-2784 3360 -360"
}
{
"classname" "item_regen"
"origin" "-2848 3360 -360"
"wait" "50"
"count" "45"
}
{
"classname" "trigger_multiple"
"target" "give1"
"model" "*15"
}
{
"classname" "target_give"
"origin" "1088 1724 2648"
"targetname" "give1"
"target" "item_armor_shard1"
}
{
"classname" "item_health_small"
"origin" "1084 1664 2612"
"targetname" "item_armor_shard1"
}
{
"classname" "item_armor_shard"
"origin" "1084 1636 2612"
"targetname" "item_armor_shard1"
}
{
"classname" "func_door"
"angle" "-2"
"health" "1"
"model" "*16"
}
{
"classname" "func_door"
"angle" "-2"
"health" "1"
"model" "*17"
}
{
"classname" "func_door"
"angle" "-2"
"health" "1"
"model" "*18"
}
{
"classname" "func_door"
"angle" "90"
"health" "1"
"model" "*19"
}
{
"classname" "func_door"
"angle" "90"
"health" "1"
"model" "*20"
}
{
"classname" "func_door"
"angle" "90"
"health" "1"
"model" "*21"
}
{
"classname" "func_door"
"angle" "90"
"health" "1"
"model" "*22"
}
{
"classname" "func_door"
"angle" "90"
"health" "1"
"model" "*23"
}
{
"classname" "func_door"
"angle" "90"
"health" "1"
"model" "*24"
}
{
"classname" "func_door"
"angle" "90"
"health" "1"
"model" "*25"
}
{
"classname" "func_door"
"angle" "-2"
"health" "1"
"model" "*26"
}
{
"classname" "func_door"
"angle" "-2"
"health" "1"
"model" "*27"
}
{
"classname" "func_door"
"angle" "-2"
"health" "1"
"model" "*28"
}
{
"classname" "func_door"
"angle" "90"
"health" "1"
"model" "*29"
}
{
"classname" "func_door"
"angle" "90"
"health" "1"
"model" "*30"
}
{
"classname" "func_door"
"angle" "90"
"health" "1"
"model" "*31"
}
{
"classname" "func_door"
"angle" "90"
"health" "1"
"model" "*32"
}
{
"classname" "func_door"
"angle" "90"
"health" "1"
"model" "*33"
}
{
"classname" "func_door"
"angle" "90"
"health" "1"
"model" "*34"
}
{
"classname" "func_door"
"angle" "90"
"health" "1"
"model" "*35"
}
{
"classname" "func_door"
"angle" "-2"
"health" "1"
"model" "*36"
}
{
"classname" "func_door"
"angle" "-2"
"health" "1"
"model" "*37"
}
{
"classname" "func_door"
"angle" "-2"
"health" "1"
"model" "*38"
}
{
"classname" "func_door"
"angle" "90"
"health" "1"
"model" "*39"
}
{
"classname" "func_door"
"angle" "90"
"health" "1"
"model" "*40"
}
{
"classname" "func_door"
"angle" "90"
"health" "1"
"model" "*41"
}
{
"classname" "func_door"
"angle" "90"
"health" "1"
"model" "*42"
}
{
"classname" "func_door"
"angle" "90"
"health" "1"
"model" "*43"
}
{
"classname" "func_door"
"angle" "90"
"health" "1"
"model" "*44"
}
{
"classname" "func_door"
"angle" "90"
"health" "1"
"model" "*45"
}
{
"classname" "func_door"
"angle" "-2"
"health" "1"
"model" "*46"
}
{
"classname" "func_door"
"angle" "-2"
"health" "1"
"model" "*47"
}
{
"classname" "func_door"
"angle" "-2"
"health" "1"
"model" "*48"
}
{
"classname" "func_door"
"angle" "90"
"health" "1"
"model" "*49"
}
{
"classname" "func_door"
"angle" "90"
"health" "1"
"model" "*50"
}
{
"classname" "func_door"
"angle" "90"
"health" "1"
"model" "*51"
}
{
"classname" "func_door"
"angle" "90"
"health" "1"
"model" "*52"
}
{
"classname" "func_door"
"angle" "90"
"health" "1"
"model" "*53"
}
{
"classname" "func_door"
"angle" "90"
"health" "1"
"model" "*54"
}
{
"classname" "func_door"
"angle" "90"
"health" "1"
"model" "*55"
}
{
"classname" "func_door"
"angle" "180"
"speed" "60"
"team" "bigdoors"
"model" "*56"
}
{
"classname" "func_door"
"speed" "60"
"angle" "0"
"team" "bigdoors"
"model" "*57"
}
{
"classname" "func_button"
"angle" "180"
"target" "way"
"health" "1"
"model" "*58"
}
{
"classname" "func_button"
"angle" "270"
"target" "t1511"
"model" "*59"
}
{
"classname" "shooter_rocket"
"origin" "1008 3400 308"
"target" "t1512"
"random" "0.125"
"targetname" "t1511"
}
{
"classname" "target_position"
"origin" "652 -1104 1504"
"targetname" "t1512"
}
{
"classname" "shooter_rocket"
"origin" "1008 3400 324"
"target" "t5"
"random" "0.125"
"targetname" "t1511"
}
{
"classname" "target_position"
"origin" "852 -2124 2068"
"targetname" "t5"
}
{
"classname" "shooter_rocket"
"origin" "1008 3400 292"
"target" "t6"
"random" "0.125"
"targetname" "t1511"
}
{
"classname" "target_position"
"origin" "888 -8 896"
"targetname" "t6"
}
{
"classname" "shooter_rocket"
"origin" "992 3400 308"
"target" "t7"
"random" "0.125"
"targetname" "t1511"
}
{
"classname" "target_position"
"origin" "820 -1264 1616"
"targetname" "t7"
}
{
"classname" "shooter_rocket"
"origin" "992 3400 324"
"target" "t8"
"random" "0.125"
"targetname" "t1511"
}
{
"classname" "target_position"
"origin" "732 -2124 2068"
"targetname" "t8"
}
{
"classname" "shooter_rocket"
"origin" "992 3400 292"
"target" "t9"
"random" "0.125"
"targetname" "t1511"
}
{
"classname" "target_position"
"origin" "712 -472 1096"
"targetname" "t9"
}
{
"classname" "shooter_rocket"
"origin" "1024 3400 308"
"target" "t10"
"random" "0.125"
"targetname" "t1511"
}
{
"classname" "target_position"
"origin" "904 -732 1312"
"targetname" "t10"
}
{
"classname" "shooter_rocket"
"origin" "1024 3400 324"
"target" "t11"
"random" "0.125"
"targetname" "t1511"
}
{
"classname" "target_position"
"origin" "960 -2124 2068"
"targetname" "t11"
}
{
"classname" "shooter_rocket"
"origin" "1024 3400 292"
"target" "t12"
"random" "0.125"
"targetname" "t1511"
}
{
"classname" "target_position"
"origin" "952 276 756"
"targetname" "t12"
}
{
"classname" "trigger_push"
"target" "push2"
"model" "*60"
}
{
"classname" "weapon_bfg"
"origin" "-968 -3912 2088"
}
{
"classname" "ammo_bfg"
"origin" "-1064 -3880 2088"
}
{
"classname" "ammo_bfg"
"origin" "-1016 -3880 2088"
}
{
"classname" "ammo_bfg"
"origin" "-1064 -3944 2088"
}
{
"classname" "ammo_bfg"
"origin" "-1016 -3944 2088"
}
{
"classname" "func_button"
"angle" "270"
"target" "t17"
"model" "*61"
}
{
"classname" "shooter_rocket"
"origin" "1008 -3848 2100"
"target" "t18"
"random" "0.125"
"targetname" "t17"
"angle" "180"
}
{
"classname" "shooter_rocket"
"origin" "1008 -3848 2116"
"target" "t19"
"random" "0.125"
"targetname" "t17"
"angle" "180"
}
{
"classname" "shooter_rocket"
"origin" "1008 -3848 2084"
"target" "t20"
"random" "0.125"
"targetname" "t17"
"angle" "180"
}
{
"classname" "shooter_rocket"
"origin" "1024 -3848 2100"
"target" "t21"
"random" "0.125"
"targetname" "t17"
"angle" "180"
}
{
"classname" "shooter_rocket"
"origin" "1024 -3848 2116"
"target" "t22"
"random" "0.125"
"targetname" "t17"
"angle" "180"
}
{
"classname" "shooter_rocket"
"origin" "1024 -3848 2084"
"target" "t23"
"random" "0.125"
"targetname" "t17"
"angle" "180"
}
{
"classname" "shooter_rocket"
"origin" "992 -3848 2100"
"target" "t14"
"random" "0.125"
"targetname" "t17"
"angle" "180"
}
{
"classname" "shooter_rocket"
"origin" "992 -3848 2116"
"target" "t15"
"random" "0.125"
"targetname" "t17"
"angle" "180"
}
{
"classname" "shooter_rocket"
"origin" "992 -3848 2084"
"target" "t16"
"random" "0.125"
"targetname" "t17"
"angle" "180"
}
{
"classname" "target_position"
"origin" "888 -2248 2080"
"targetname" "t14"
}
{
"classname" "target_position"
"origin" "840 -2248 2080"
"targetname" "t18"
}
{
"classname" "target_position"
"origin" "792 -2248 2080"
"targetname" "t21"
}
{
"classname" "target_position"
"origin" "744 -2248 2080"
"targetname" "t16"
}
{
"classname" "target_position"
"origin" "936 -2248 2080"
"targetname" "t15"
}
{
"classname" "target_position"
"origin" "984 -2248 2080"
"targetname" "t19"
}
{
"classname" "target_position"
"origin" "1032 -2248 2080"
"targetname" "t22"
}
{
"classname" "target_position"
"origin" "696 -2248 2080"
"targetname" "t20"
}
{
"classname" "target_position"
"origin" "864 -2336 2080"
"targetname" "t23"
}
{
"classname" "item_health"
"origin" "-2960 2184 -296"
}
{
"classname" "item_health"
"origin" "-2960 2096 -296"
}
{
"classname" "trigger_push"
"target" "push567"
"model" "*62"
}
{
"classname" "target_position"
"origin" "-1224 -1840 3384"
"targetname" "push567"
}
{
"classname" "item_armor_combat"
"origin" "1364 -1152 3280"
}
{
"classname" "item_health_large"
"origin" "1360 -1072 3280"
}
{
"classname" "item_health_large"
"origin" "1360 -1232 3280"
}
{
"classname" "ammo_rockets"
"origin" "1184 -1632 3336"
}
{
"classname" "ammo_rockets"
"origin" "1184 -1568 3336"
}
{
"classname" "weapon_railgun"
"origin" "1280 -1836 3340"
}
{
"classname" "weapon_rocketlauncher"
"origin" "988 -280 3392"
"count" "34"
}
{
"classname" "trigger_push"
"target" "push4"
"model" "*63"
}
{
"classname" "trigger_push"
"target" "push566"
"model" "*64"
}
{
"classname" "trigger_push"
"target" "t1"
"model" "*65"
}
{
"classname" "trigger_push"
"target" "push3"
"model" "*66"
}
{
"classname" "trigger_push"
"target" "push5"
"model" "*67"
}
{
"classname" "trigger_push"
"target" "push7"
"model" "*68"
}
{
"classname" "trigger_push"
"target" "push9"
"model" "*69"
}
{
"classname" "weapon_railgun"
"origin" "1008 -4128 2104"
}
{
"classname" "info_player_start"
"origin" "-2336 -288 3364"
}
{
"classname" "ammo_slugs"
"origin" "-2944 -312 3376"
}
{
"classname" "ammo_slugs"
"origin" "-2880 -312 3376"
}
{
"classname" "item_health"
"origin" "-2720 -224 3376"
"wait" "10"
}
{
"classname" "item_health"
"origin" "-2656 -224 3376"
"wait" "10"
}
{
"classname" "item_armor_combat"
"origin" "-2784 -224 3376"
"wait" "10"
}
{
"classname" "trigger_push"
"target" "push1"
"model" "*70"
}
{
"classname" "trigger_push"
"target" "push"
"model" "*71"
}
{
"classname" "trigger_push"
"target" "post"
"model" "*72"
}
{
"classname" "item_armor_body"
"origin" "-2884 -1456 752"
}
{
"classname" "item_health_large"
"origin" "-2968 -1424 752"
}
{
"classname" "item_health_large"
"origin" "-2968 -1488 752"
}
{
"classname" "ammo_cells"
"origin" "-2944 -992 744"
}
{
"classname" "ammo_cells"
"origin" "-2944 -928 744"
}
{
"classname" "ammo_slugs"
"origin" "-2944 -1056 744"
}
{
"classname" "ammo_slugs"
"origin" "-2944 -1824 744"
}
{
"classname" "ammo_rockets"
"origin" "-2944 -1888 744"
}
{
"classname" "ammo_rockets"
"origin" "-2944 -1952 744"
}
{
"classname" "item_health"
"origin" "-2888 -3612 2116"
"wait" "10"
}
{
"classname" "weapon_rocketlauncher"
"origin" "-2784 -1888 740"
}
{
"classname" "weapon_plasmagun"
"origin" "-2784 -992 736"
}
{
"classname" "func_button"
"angle" "270"
"target" "t27"
"model" "*73"
}
{
"classname" "shooter_rocket"
"origin" "-2936 3632 -332"
"target" "t28"
"random" "0.125"
"targetname" "t27"
}
{
"classname" "shooter_rocket"
"origin" "-2936 3632 -316"
"target" "t29"
"random" "0.125"
"targetname" "t27"
}
{
"classname" "shooter_rocket"
"origin" "-2936 3632 -348"
"target" "t30"
"random" "0.125"
"targetname" "t27"
}
{
"classname" "shooter_rocket"
"origin" "-2952 3632 -332"
"target" "t31"
"random" "0.125"
"targetname" "t27"
}
{
"classname" "shooter_rocket"
"origin" "-2952 3632 -316"
"target" "t32"
"random" "0.125"
"targetname" "t27"
}
{
"classname" "shooter_rocket"
"origin" "-2952 3632 -348"
"target" "t33"
"random" "0.125"
"targetname" "t27"
}
{
"classname" "shooter_rocket"
"origin" "-2920 3632 -332"
"target" "t24"
"random" "0.125"
"targetname" "t27"
}
{
"classname" "shooter_rocket"
"origin" "-2920 3632 -316"
"target" "t25"
"random" "0.125"
"targetname" "t27"
}
{
"classname" "shooter_rocket"
"origin" "-2920 3632 -348"
"target" "t26"
"random" "0.125"
"targetname" "t27"
}
{
"classname" "target_position"
"origin" "-2832 2992 -348"
"targetname" "t30"
}
{
"classname" "target_position"
"origin" "-2864 2992 -348"
"targetname" "t33"
}
{
"classname" "target_position"
"origin" "-2768 2992 -348"
"targetname" "t31"
}
{
"classname" "target_position"
"origin" "-2800 2992 -348"
"targetname" "t26"
}
{
"classname" "target_position"
"origin" "-2704 2992 -348"
"targetname" "t32"
}
{
"classname" "target_position"
"origin" "-2736 2992 -348"
"targetname" "t24"
}
{
"classname" "target_position"
"origin" "-2640 2992 -348"
"targetname" "t25"
}
{
"classname" "target_position"
"origin" "-2672 2992 -348"
"targetname" "t29"
}
{
"classname" "target_position"
"origin" "-2752 2992 -348"
"targetname" "t28"
}
{
"classname" "info_player_start"
"origin" "-3432 -1824 2848"
}
{
"classname" "info_player_start"
"origin" "-3096 -1824 2992"
"angle" "180"
}
{
"classname" "info_player_start"
"origin" "-3432 -1824 3136"
"angle" "-1.40334e-014"
}
{
"classname" "func_button"
"angle" "-1"
"target" "crusher1"
"health" "1"
"model" "*74"
}
{
"classname" "info_player_start"
"origin" "840 -4136 2072"
"angle" "90"
}
{
"classname" "info_player_start"
"origin" "784 -4136 2072"
"angle" "90"
}
{
"classname" "item_quad"
"origin" "-2932 -1836 3320"
"wait" "50"
"count" "45"
}
{
"classname" "trigger_teleport"
"target" "telep2"
"model" "*75"
}
{
"classname" "misc_teleporter_dest"
"origin" "936 1416 2264"
"targetname" "telep2"
}
{
"classname" "trigger_teleport"
"target" "telep1"
"model" "*76"
}
{
"classname" "weapon_rocketlauncher"
"origin" "1012 1416 2304"
}
{
"classname" "misc_teleporter_dest"
"origin" "-2856 -1836 3280"
"angle" "180"
"targetname" "telep1"
}
{
"classname" "trigger_multiple"
"target" "give2"
"model" "*77"
}
{
"classname" "target_give"
"origin" "1008 3436 380"
"targetname" "give2"
"target" "ammo_rockets1"
}
{
"classname" "ammo_rockets"
"origin" "1008 3436 416"
"targetname" "ammo_rockets1"
}
{
"classname" "trigger_multiple"
"target" "give3"
"model" "*78"
}
{
"classname" "target_give"
"origin" "-2936 3668 -260"
"targetname" "give3"
"target" "ammo_rockets2"
}
{
"classname" "ammo_rockets"
"origin" "-2936 3668 -224"
"targetname" "ammo_rockets2"
}
{
"classname" "trigger_multiple"
"target" "give4"
"model" "*79"
}
{
"classname" "target_give"
"origin" "1008 -3884 2172"
"targetname" "give4"
"target" "ammo_rockets3"
}
{
"classname" "ammo_rockets"
"origin" "1008 -3884 2208"
"targetname" "ammo_rockets3"
}
{
"classname" "func_button"
"angle" "270"
"target" "t34"
"model" "*80"
}
{
"classname" "shooter_rocket"
"origin" "-2928 -3248 2100"
"target" "t35"
"random" "0.125"
"targetname" "t34"
"angle" "180"
}
{
"classname" "shooter_rocket"
"origin" "-2928 -3248 2116"
"target" "t36"
"random" "0.125"
"targetname" "t34"
"angle" "180"
}
{
"classname" "shooter_rocket"
"origin" "-2928 -3248 2084"
"target" "t37"
"random" "0.125"
"targetname" "t34"
"angle" "180"
}
{
"classname" "shooter_rocket"
"origin" "-2912 -3248 2100"
"target" "t38"
"random" "0.125"
"targetname" "t34"
"angle" "180"
}
{
"classname" "shooter_rocket"
"origin" "-2912 -3248 2116"
"target" "t39"
"random" "0.125"
"targetname" "t34"
"angle" "180"
}
{
"classname" "shooter_rocket"
"origin" "-2912 -3248 2084"
"target" "t40"
"random" "0.125"
"targetname" "t34"
"angle" "180"
}
{
"classname" "shooter_rocket"
"origin" "-2944 -3248 2100"
"target" "t3"
"random" "0.125"
"targetname" "t34"
"angle" "180"
}
{
"classname" "shooter_rocket"
"origin" "-2944 -3248 2116"
"target" "t4"
"random" "0.125"
"targetname" "t34"
"angle" "180"
}
{
"classname" "shooter_rocket"
"origin" "-2944 -3248 2084"
"target" "t13"
"random" "0.125"
"targetname" "t34"
"angle" "180"
}
{
"classname" "target_position"
"origin" "-2804 -2372 2080"
"targetname" "t3"
}
{
"classname" "target_position"
"origin" "-2852 -2372 2080"
"targetname" "t35"
}
{
"classname" "target_position"
"origin" "-2920 -2724 2080"
"targetname" "t38"
}
{
"classname" "target_position"
"origin" "-2944 -2740 2080"
"targetname" "t13"
}
{
"classname" "target_position"
"origin" "-2756 -2372 2080"
"targetname" "t4"
}
{
"classname" "target_position"
"origin" "-2708 -2372 2080"
"targetname" "t36"
}
{
"classname" "target_position"
"origin" "-2660 -2372 2080"
"targetname" "t39"
}
{
"classname" "target_position"
"origin" "-2980 -2724 2080"
"targetname" "t37"
}
{
"classname" "trigger_multiple"
"target" "give5"
"model" "*81"
}
{
"classname" "target_give"
"origin" "-2928 -3284 2172"
"targetname" "give5"
"target" "ammo_rockets4"
}
{
"classname" "ammo_rockets"
"origin" "-2928 -3284 2208"
"targetname" "ammo_rockets4"
}
{
"classname" "item_armor_combat"
"origin" "-2944 -4192 2072"
}
{
"classname" "item_health"
"origin" "-2880 -4192 2072"
}
{
"classname" "item_health"
"origin" "-2816 -4192 2072"
}
{
"classname" "item_flight"
"origin" "-1808 -3944 2108"
"count" "76"
}
{
"classname" "weapon_shotgun"
"origin" "-2784 -3744 2072"
}
{
"classname" "weapon_plasmagun"
"origin" "-1600 3808 292"
}
{
"classname" "ammo_cells"
"origin" "716 3200 292"
"count" "60"
}
{
"classname" "ammo_rockets"
"origin" "716 3264 292"
"count" "10"
}
{
"classname" "weapon_railgun"
"origin" "-2468 -284 3372"
}
{
"classname" "trigger_teleport"
"target" "telep3"
"model" "*82"
}
{
"classname" "ammo_slugs"
"origin" "-2432 768 2784"
}
{
"classname" "ammo_slugs"
"origin" "-2432 640 2784"
}
{
"classname" "weapon_railgun"
"origin" "-2432 704 2784"
}
{
"classname" "item_health_large"
"origin" "-3040 1216 2272"
}
{
"classname" "item_health_large"
"origin" "-3104 1216 2272"
}
{
"classname" "item_health_large"
"origin" "-3220 3892 2272"
}
{
"classname" "item_health_large"
"origin" "-3284 3892 2272"
}
{
"classname" "item_health_large"
"origin" "-2972 4000 2272"
"angle" "-90"
}
{
"classname" "item_health_large"
"origin" "-2972 4064 2272"
"angle" "-90"
}
{
"classname" "item_health_large"
"origin" "1056 3968 2272"
"angle" "-90"
}
{
"classname" "item_health_large"
"origin" "1056 4032 2272"
"angle" "-90"
}
{
"classname" "item_health_large"
"origin" "1120 3896 2272"
"angle" "180"
}
{
"classname" "item_health_large"
"origin" "1184 3896 2272"
"angle" "180"
}
{
"classname" "target_speaker"
"origin" "-2312 710 2818"
"angle" "179.948"
"noise" "sound/ambient_loop_04.wav"
"wait" "0"
"spawnflags" "1"
}
{
"classname" "target_speaker"
"origin" "-2336 710 2818"
"angle" "179.948"
"noise" "sound/ambient_loop_04.wav"
"wait" "0"
"spawnflags" "1"
}
{
"classname" "target_speaker"
"origin" "-2816 -1838 3350"
"angle" "179.948"
"noise" "sound/ambient_loop_04.wav"
"wait" "0"
"spawnflags" "1"
}
{
"classname" "target_speaker"
"origin" "-2840 -1838 3350"
"angle" "179.948"
"noise" "sound/ambient_loop_04.wav"
"wait" "0"
"spawnflags" "1"
}
{
"classname" "target_speaker"
"origin" "896 1418 2330"
"angle" "-0.052002"
"noise" "sound/ambient_loop_04.wav"
"wait" "0"
"spawnflags" "1"
}
{
"classname" "target_speaker"
"origin" "920 1418 2330"
"angle" "-0.052002"
"noise" "sound/ambient_loop_04.wav"
"wait" "0"
"spawnflags" "1"
}
{
"classname" "target_speaker"
"origin" "-1612 -3826 -542"
"angle" "179.948"
"noise" "sound/ambient_loop_04.wav"
"wait" "0"
"spawnflags" "1"
}
{
"classname" "target_speaker"
"origin" "-1636 -3826 -542"
"angle" "179.948"
"noise" "sound/ambient_loop_04.wav"
"wait" "0"
"spawnflags" "1"
}
{
"classname" "target_position"
"origin" "-128 -272 3820"
"targetname" "push4"
}
{
"classname" "item_health_large"
"origin" "-2968 3888 -360"
}
{
"classname" "item_health_large"
"origin" "-2904 3888 -360"
}
{
"classname" "item_enviro"
"origin" "-2888 2140 -540"
"count" "90"
"wait" "60"
}
{
"classname" "func_door"
"angle" "90"
"team" "supl"
"lip" "8"
"speed" "25"
"targetname" "crusher1"
"model" "*83"
}
{
"classname" "func_door"
"lip" "8"
"angle" "270"
"team" "supl"
"speed" "25"
"model" "*84"
}
{
"classname" "func_button"
"angle" "180"
"target" "crusher1"
"model" "*85"
}
{
"classname" "target_speaker"
"origin" "1280 -1836 3336"
"noise" "sound/world/machinerydrone02.wav"
"spawnflags" "1"
}
{
"classname" "target_speaker"
"origin" "1280 -280 3336"
"noise" "sound/world/machinerydrone02.wav"
}
{
"classname" "target_speaker"
"origin" "1280 -1028 3336"
"noise" "sound/world/machinerydrone02.wav"
"spawnflags" "1"
}
{
"classname" "target_speaker"
"origin" "1280 -1572 3336"
"noise" "sound/world/machinerydrone02.wav"
"spawnflags" "1"
}
{
"classname" "target_speaker"
"origin" "1280 -1300 3336"
"noise" "sound/world/machinerydrone02.wav"
"spawnflags" "1"
}
{
"classname" "target_speaker"
"origin" "1280 -788 3336"
"noise" "sound/world/machinerydrone02.wav"
"spawnflags" "1"
}
{
"classname" "target_speaker"
"origin" "1280 -516 3336"
"noise" "sound/world/machinerydrone02.wav"
"spawnflags" "1"
}
{
"classname" "func_door"
"spawnflags" "1"
"angle" "270"
"speed" "100000"
"wait" "20"
"dmg" "30000"
"targetname" "way"
"model" "*86"
}
{
"classname" "target_speaker"
"origin" "-3392 -1768 3180"
"noise" "sound/world/machinerydrone02.wav"
"spawnflags" "1"
}
{
"classname" "target_speaker"
"origin" "-3392 -1896 3180"
"noise" "sound/world/machinerydrone02.wav"
"spawnflags" "1"
}
{
"classname" "target_speaker"
"origin" "-3200 -1768 3456"
"noise" "sound/world/machinerydrone02.wav"
"spawnflags" "1"
}
{
"classname" "target_speaker"
"origin" "-3200 -1896 3456"
"noise" "sound/world/machinerydrone02.wav"
"spawnflags" "1"
}
{
"classname" "target_speaker"
"origin" "-3392 -1768 2896"
"noise" "sound/world/machinerydrone02.wav"
"spawnflags" "1"
}
{
"classname" "target_speaker"
"origin" "-3392 -1896 2896"
"noise" "sound/world/machinerydrone02.wav"
"spawnflags" "1"
}
{
"classname" "target_speaker"
"origin" "-3136 -1768 3036"
"noise" "sound/world/machinerydrone02.wav"
"spawnflags" "1"
}
{
"classname" "target_speaker"
"origin" "-3136 -1896 3036"
"noise" "sound/world/machinerydrone02.wav"
"spawnflags" "1"
}
{
"classname" "target_speaker"
"origin" "-3148 -1768 2732"
"noise" "sound/world/machinerydrone02.wav"
"spawnflags" "1"
}
{
"classname" "target_speaker"
"origin" "-3148 -1896 2732"
"noise" "sound/world/machinerydrone02.wav"
"spawnflags" "1"
}


}


[ EFFECT_SHADERS ]: {

TOTAL: 0



}


[ TEXTURE_FILES ]: {

TOTAL: 55

Begin Texture[ 0 ]
	Filename: textures/assaultQ/awall_m06
	Content Flags: 1
	Surface Flags: 0
End Texture

Begin Texture[ 1 ]
	Filename: textures/assaultQ/byarc
	Content Flags: 1
	Surface Flags: 0
End Texture

Begin Texture[ 2 ]
	Filename: textures/sfx/demonltblackfinal
	Content Flags: 1
	Surface Flags: 32
End Texture

Begin Texture[ 3 ]
	Filename: noshader
	Content Flags: 1
	Surface Flags: 0
End Texture

Begin Texture[ 4 ]
	Filename: textures/force/clwhite
	Content Flags: 1
	Surface Flags: 0
End Texture

Begin Texture[ 5 ]
	Filename: textures/common/caulk
	Content Flags: 1
	Surface Flags: 3232
End Texture

Begin Texture[ 6 ]
	Filename: textures/bata3dm1/bata3dm1_floor6
	Content Flags: 1
	Surface Flags: 0
End Texture

Begin Texture[ 7 ]
	Filename: textures/moon/light2013
	Content Flags: 1
	Surface Flags: 0
End Texture

Begin Texture[ 8 ]
	Filename: textures/gothic_block/blocks17i
	Content Flags: 1
	Surface Flags: 0
End Texture

Begin Texture[ 9 ]
	Filename: textures/marsbase/box2
	Content Flags: 1
	Surface Flags: 0
End Texture

Begin Texture[ 10 ]
	Filename: textures/common/nodraw
	Content Flags: 536870912
	Surface Flags: 16544
End Texture

Begin Texture[ 11 ]
	Filename: textures/marsbase/floor2
	Content Flags: 1
	Surface Flags: 4096
End Texture

Begin Texture[ 12 ]
	Filename: textures/NULL
	Content Flags: 1
	Surface Flags: 0
End Texture

Begin Texture[ 13 ]
	Filename: textures/marsbase/caution
	Content Flags: 1
	Surface Flags: 0
End Texture

Begin Texture[ 14 ]
	Filename: textures/sfx/launchpad_blocks18d
	Content Flags: 1
	Surface Flags: 0
End Texture

Begin Texture[ 15 ]
	Filename: textures/base_trim/proto_fence
	Content Flags: 536870913
	Surface Flags: 0
End Texture

Begin Texture[ 16 ]
	Filename: textures/moteof/hd_wood_brownlight
	Content Flags: 1
	Surface Flags: 0
End Texture

Begin Texture[ 17 ]
	Filename: textures/marsbase/wall1
	Content Flags: 1
	Surface Flags: 0
End Texture

Begin Texture[ 18 ]
	Filename: textures/gothic_block/killtrim_trans
	Content Flags: 0
	Surface Flags: 16384
End Texture

Begin Texture[ 19 ]
	Filename: textures/gothic_block/blocks11d
	Content Flags: 1
	Surface Flags: 0
End Texture

Begin Texture[ 20 ]
	Filename: textures/skies/hellsky2bright
	Content Flags: 1
	Surface Flags: 3092
End Texture

Begin Texture[ 21 ]
	Filename: textures/ctf/ctf_blueflag
	Content Flags: 1
	Surface Flags: 32
End Texture

Begin Texture[ 22 ]
	Filename: textures/common/donotenter
	Content Flags: 538968064
	Surface Flags: 16544
End Texture

Begin Texture[ 23 ]
	Filename: textures/common/full_clip
	Content Flags: 65536
	Surface Flags: 128
End Texture

Begin Texture[ 24 ]
	Filename: textures/marsbase/glass
	Content Flags: 536870913
	Surface Flags: 3072
End Texture

Begin Texture[ 25 ]
	Filename: textures/common/clip
	Content Flags: 65536
	Surface Flags: 19632
End Texture

Begin Texture[ 26 ]
	Filename: textures/marsbase/teleprtr_fx1
	Content Flags: 536870913
	Surface Flags: 32
End Texture

Begin Texture[ 27 ]
	Filename: textures/common/nodrop
	Content Flags: -1610612736
	Surface Flags: 19616
End Texture

Begin Texture[ 28 ]
	Filename: textures/liquids/lavahell_2000
	Content Flags: 536870920
	Surface Flags: 3088
End Texture

Begin Texture[ 29 ]
	Filename: textures/common/cushion
	Content Flags: 536870913
	Surface Flags: 161
End Texture

Begin Texture[ 30 ]
	Filename: textures/liquids/clear_calm1
	Content Flags: 536870944
	Surface Flags: 16384
End Texture

Begin Texture[ 31 ]
	Filename: textures/aedm7/aecell_decal_spawn1
	Content Flags: 1
	Surface Flags: 0
End Texture

Begin Texture[ 32 ]
	Filename: textures/aedm7/aecell_pads_gl
	Content Flags